[25104:25108:0313/173152.035:WARNING:chrome_main_delegate.cc(745)] This is Chrome version 128.0.6613.138 (not a warning)
[16204:9332:0313/173152.035:WARNING:chrome_main_delegate.cc(745)] This is Chrome version 128.0.6613.138 (not a warning)
[25104:25108:0313/173153.756:WARNING:account_consistency_mode_manager.cc(77)] Desktop Identity Consistency cannot be enabled as no OAuth client ID and client secret have been configured.
[16204:9332:0313/173202.842:WARNING:chrome_main_delegate.cc(745)] This is Chrome version 128.0.6613.138 (not a warning)
[16204:9332:0313/173202.894:WARNING:account_consistency_mode_manager.cc(77)] Desktop Identity Consistency cannot be enabled as no OAuth client ID and client secret have been configured.
[25104:25108:0313/173226.903:ERROR:device_event_log_impl.cc(196)] [17:32:26.643] USB: usb_service_win.cc:105 SetupDiGetDeviceProperty({{A45C254E-DF1C-4EFD-8020-67D146A850E0}, 6}) failed: Element not found. (0x490)
[16204:9332:0313/173227.019:ERROR:device_event_log_impl.cc(196)] [17:32:26.897] USB: usb_service_win.cc:105 SetupDiGetDeviceProperty({{A45C254E-DF1C-4EFD-8020-67D146A850E0}, 6}) failed: Element not found. (0x490)
[16652:4160:0313/173227.171:WARNING:frame_impl.cc(430)] virtual CefFrameImpl::SendProcessMessage sent to detached frame 5-AD64646BF8AE1CDD5A31BC0310CAE330 will be ignored
[5304:20360:0313/173227.375:WARNING:frame_impl.cc(430)] virtual CefFrameImpl::SendProcessMessage sent to detached frame 5-8BFE8F778A22E6E96176BC03071FD203 will be ignored
[25104:20324:0313/173228.312:WARNING:browser_info.cc(345)] Returning a speculative frame for [8,9]
[16204:17312:0313/173228.434:WARNING:browser_info.cc(345)] Returning a speculative frame for [9,9]
[25104:20324:0313/173228.440:WARNING:browser_info.cc(345)] Returning a speculative frame for [10,9]
[25104:25108:0313/173228.446:WARNING:browser_info.cc(345)] Returning a speculative frame for [10,9]
[25104:25108:0313/173228.446:WARNING:browser_info.cc(345)] Returning a speculative frame for [10,9]
[25104:25108:0313/173228.446:WARNING:browser_info.cc(345)] Returning a speculative frame for [10,9]
[25104:25108:0313/173228.446:WARNING:browser_info.cc(345)] Returning a speculative frame for [10,9]
[16204:9332:0313/173228.764:WARNING:browser_info.cc(345)] Returning a speculative frame for [10,9]
[16204:9332:0313/173228.764:WARNING:browser_info.cc(345)] Returning a speculative frame for [10,9]
[16204:9332:0313/173228.764:WARNING:browser_info.cc(345)] Returning a speculative frame for [10,9]
[16204:9332:0313/173228.764:WARNING:browser_info.cc(345)] Returning a speculative frame for [10,9]
[16204:17312:0313/173228.769:WARNING:browser_info.cc(345)] Returning a speculative frame for [10,9]
[25104:20324:0313/173230.393:ERROR:cast_crl.cc(443)] CRL - Verification failed.
[25104:20324:0313/173230.495:ERROR:cast_crl.cc(443)] CRL - Verification failed.
[16204:17312:0313/173231.520:ERROR:cast_crl.cc(443)] CRL - Verification failed.
[16204:17312:0313/173231.521:ERROR:cast_crl.cc(443)] CRL - Verification failed.
[25104:20324:0313/173232.333:ERROR:cast_crl.cc(443)] CRL - Verification failed.
[16204:17312:0313/173233.541:ERROR:cast_crl.cc(443)] CRL - Verification failed.
[25104:20324:0313/173233.555:ERROR:cast_crl.cc(443)] CRL - Verification failed.
[16204:17312:0313/173233.786:ERROR:cast_crl.cc(443)] CRL - Verification failed.
[24048:22148:0313/173241.982:WARNING:sqlite_persistent_store_backend_base.cc(198)] Failed to post task from FlushAndNotifyInBackground@net\extras\sqlite\sqlite_persistent_store_backend_base.cc:248 to client_task_runner_.
[25104:25108:0313/173242.224:WARNING:pref_notifier_impl.cc(41)] Pref observer for media_router.cast_allow_all_ips found at shutdown.
[25328:12320:0313/173442.335:ERROR:shared_image_manager.cc(224)] SharedImageManager::ProduceSkia: Trying to Produce a Skia representation from a non-existent mailbox.
[25328:12320:0313/173442.335:ERROR:shared_image_manager.cc(224)] SharedImageManager::ProduceSkia: Trying to Produce a Skia representation from a non-existent mailbox.
[16204:9332:0313/173857.097:WARNING:page_discarding_helper.cc(138)] Discarding multiple pages with target (kb): 0
[16204:9332:0313/173902.204:WARNING:page_discarding_helper.cc(138)] Discarding multiple pages with target (kb): 0
[16204:9332:0313/173907.349:WARNING:page_discarding_helper.cc(138)] Discarding multiple pages with target (kb): 0
[16204:9332:0313/173915.875:WARNING:page_discarding_helper.cc(138)] Discarding multiple pages with target (kb): 0
[16204:9332:0313/173917.891:WARNING:page_discarding_helper.cc(138)] Discarding multiple pages with target (kb): 0
[16204:9332:0313/173923.186:WARNING:page_discarding_helper.cc(138)] Discarding multiple pages with target (kb): 0
[16204:9332:0313/173928.750:WARNING:page_discarding_helper.cc(138)] Discarding multiple pages with target (kb): 0
[16204:9332:0313/173934.235:WARNING:page_discarding_helper.cc(138)] Discarding multiple pages with target (kb): 0
[16204:9332:0313/173939.341:WARNING:page_discarding_helper.cc(138)] Discarding multiple pages with target (kb): 0
[16204:9332:0313/174018.022:WARNING:page_discarding_helper.cc(138)] Discarding multiple pages with target (kb): 0
[16204:9332:0313/174034.463:WARNING:page_discarding_helper.cc(138)] Discarding multiple pages with target (kb): 0
[16204:9332:0313/174110.440:WARNING:page_discarding_helper.cc(138)] Discarding multiple pages with target (kb): 0
[16204:9332:0313/174115.272:WARNING:page_discarding_helper.cc(138)] Discarding multiple pages with target (kb): 0
[16204:9332:0313/174138.330:WARNING:page_discarding_helper.cc(138)] Discarding multiple pages with target (kb): 0
[16204:9332:0313/174141.869:WARNING:page_discarding_helper.cc(138)] Discarding multiple pages with target (kb): 0
[16204:9332:0313/174158.101:WARNING:page_discarding_helper.cc(138)] Discarding multiple pages with target (kb): 0
[16204:9332:0313/182846.207:WARNING:page_discarding_helper.cc(138)] Discarding multiple pages with target (kb): 0
[16204:9332:0313/182938.636:WARNING:page_discarding_helper.cc(138)] Discarding multiple pages with target (kb): 0
[16204:9332:0313/183041.569:WARNING:page_discarding_helper.cc(138)] Discarding multiple pages with target (kb): 0
[16204:9332:0313/183200.417:WARNING:page_discarding_helper.cc(138)] Discarding multiple pages with target (kb): 0
[16204:9332:0313/183210.766:WARNING:page_discarding_helper.cc(138)] Discarding multiple pages with target (kb): 0
[16204:9332:0313/183403.519:WARNING:page_discarding_helper.cc(138)] Discarding multiple pages with target (kb): 0
